<?xml version="1.0" encoding="UTF-8"?>
<testng-results ignored="0" total="2" passed="2" failed="0" skipped="0">
  <reporter-output>
  </reporter-output>
  <suite started-at="2021-01-29T17:06:45Z" name="Suite" finished-at="2021-01-29T17:08:02Z" duration-ms="76997">
    <groups>
      <group name="cucumber">
        <method signature="FeatureFileRunner.scenario(io.cucumber.testng.PickleEventWrapper, io.cucumber.testng.CucumberFeatureWrapper)[pri:0, instance:runner.FeatureFileRunner@3b94d659]" name="scenario" class="runner.FeatureFileRunner"/>
      </group> <!-- cucumber -->
    </groups>
    <test started-at="2021-01-29T17:06:45Z" name="Test" finished-at="2021-01-29T17:08:02Z" duration-ms="76997">
      <class name="runner.FeatureFileRunner">
        <test-method is-config="true" signature="setup()[pri:0, instance:runner.FeatureFileRunner@3b94d659]" started-at="2021-01-29T17:05:25Z" name="setup" finished-at="2021-01-29T17:06:45Z" duration-ms="79805" status="PASS">
          <reporter-output>
          </reporter-output>
        </test-method> <!-- setup -->
        <test-method is-config="true" signature="setUpClass()[pri:0, instance:runner.FeatureFileRunner@3b94d659]" started-at="2021-01-29T17:06:45Z" name="setUpClass" finished-at="2021-01-29T17:06:45Z" duration-ms="168" status="PASS">
          <reporter-output>
          </reporter-output>
        </test-method> <!-- setUpClass -->
        <test-method signature="scenario(io.cucumber.testng.PickleEventWrapper, io.cucumber.testng.CucumberFeatureWrapper)[pri:0, instance:runner.FeatureFileRunner@3b94d659]" started-at="2021-01-29T17:06:46Z" name="scenario" description="Runs Cucumber Scenarios" data-provider="scenarios" finished-at="2021-01-29T17:06:46Z" duration-ms="398" status="PASS">
          <params>
            <param index="0">
              <value>
                <![CDATA["Verification of WelcomeScreen"]]>
              </value>
            </param>
            <param index="1">
              <value>
                <![CDATA["User Registration feature"]]>
              </value>
            </param>
          </params>
          <reporter-output>
          </reporter-output>
        </test-method> <!-- scenario -->
        <test-method signature="scenario(io.cucumber.testng.PickleEventWrapper, io.cucumber.testng.CucumberFeatureWrapper)[pri:0, instance:runner.FeatureFileRunner@3b94d659]" started-at="2021-01-29T17:06:46Z" name="scenario" description="Runs Cucumber Scenarios" data-provider="scenarios" finished-at="2021-01-29T17:08:02Z" duration-ms="76260" status="PASS">
          <params>
            <param index="0">
              <value>
                <![CDATA["Validate that a validation message with text ‘This field is required’ appears under the date of birth box"]]>
              </value>
            </param>
            <param index="1">
              <value>
                <![CDATA["User Registration feature"]]>
              </value>
            </param>
          </params>
          <reporter-output>
          </reporter-output>
        </test-method> <!-- scenario -->
        <test-method is-config="true" signature="tearDownClass()[pri:0, instance:runner.FeatureFileRunner@3b94d659]" started-at="2021-01-29T17:08:02Z" name="tearDownClass" finished-at="2021-01-29T17:08:02Z" duration-ms="88" status="PASS">
          <reporter-output>
          </reporter-output>
        </test-method> <!-- tearDownClass -->
        <test-method is-config="true" signature="generateReport()[pri:0, instance:runner.FeatureFileRunner@3b94d659]" started-at="2021-01-29T17:08:02Z" name="generateReport" finished-at="2021-01-29T17:08:04Z" duration-ms="1303" status="PASS">
          <reporter-output>
          </reporter-output>
        </test-method> <!-- generateReport -->
        <test-method is-config="true" signature="tearDown()[pri:0, instance:runner.FeatureFileRunner@3b94d659]" started-at="2021-01-29T17:08:04Z" name="tearDown" finished-at="2021-01-29T17:08:04Z" duration-ms="333" status="PASS">
          <reporter-output>
          </reporter-output>
        </test-method> <!-- tearDown -->
      </class> <!-- runner.FeatureFileRunner -->
    </test> <!-- Test -->
  </suite> <!-- Suite -->
</testng-results>
