<?xml version="1.0" encoding="UTF-8"?>
<testng-results ignored="0" total="1" passed="1" failed="0" skipped="0">
  <reporter-output>
  </reporter-output>
  <suite started-at="2021-02-09T03:39:15Z" name="Suite" finished-at="2021-02-09T03:39:17Z" duration-ms="1924">
    <groups>
      <group name="cucumber">
        <method signature="FeatureFileRunner.scenario(io.cucumber.testng.PickleEventWrapper, io.cucumber.testng.CucumberFeatureWrapper)[pri:0, instance:runner.FeatureFileRunner@587c290d]" name="scenario" class="runner.FeatureFileRunner"/>
      </group> <!-- cucumber -->
    </groups>
    <test started-at="2021-02-09T03:39:15Z" name="Test" finished-at="2021-02-09T03:39:17Z" duration-ms="1924">
      <class name="runner.FeatureFileRunner">
        <test-method is-config="true" signature="setup()[pri:0, instance:runner.FeatureFileRunner@587c290d]" started-at="2021-02-09T03:39:03Z" name="setup" finished-at="2021-02-09T03:39:15Z" duration-ms="11693" status="PASS">
          <reporter-output>
          </reporter-output>
        </test-method> <!-- setup -->
        <test-method is-config="true" signature="setUpClass()[pri:0, instance:runner.FeatureFileRunner@587c290d]" started-at="2021-02-09T03:39:15Z" name="setUpClass" finished-at="2021-02-09T03:39:15Z" duration-ms="156" status="PASS">
          <reporter-output>
          </reporter-output>
        </test-method> <!-- setUpClass -->
        <test-method signature="scenario(io.cucumber.testng.PickleEventWrapper, io.cucumber.testng.CucumberFeatureWrapper)[pri:0, instance:runner.FeatureFileRunner@587c290d]" started-at="2021-02-09T03:39:15Z" name="scenario" description="Runs Cucumber Scenarios" data-provider="scenarios" finished-at="2021-02-09T03:39:17Z" duration-ms="1625" status="PASS">
          <params>
            <param index="0">
              <value>
                <![CDATA["Verification of WelcomeScreen"]]>
              </value>
            </param>
            <param index="1">
              <value>
                <![CDATA["User Registration feature"]]>
              </value>
            </param>
          </params>
          <reporter-output>
          </reporter-output>
        </test-method> <!-- scenario -->
        <test-method is-config="true" signature="tearDownClass()[pri:0, instance:runner.FeatureFileRunner@587c290d]" started-at="2021-02-09T03:39:17Z" name="tearDownClass" finished-at="2021-02-09T03:39:17Z" duration-ms="75" status="PASS">
          <reporter-output>
          </reporter-output>
        </test-method> <!-- tearDownClass -->
        <test-method is-config="true" signature="generateReport()[pri:0, instance:runner.FeatureFileRunner@587c290d]" started-at="2021-02-09T03:39:17Z" name="generateReport" finished-at="2021-02-09T03:39:18Z" duration-ms="1059" status="PASS">
          <reporter-output>
          </reporter-output>
        </test-method> <!-- generateReport -->
        <test-method is-config="true" signature="tearDown()[pri:0, instance:runner.FeatureFileRunner@587c290d]" started-at="2021-02-09T03:39:18Z" name="tearDown" finished-at="2021-02-09T03:39:18Z" duration-ms="247" status="PASS">
          <reporter-output>
          </reporter-output>
        </test-method> <!-- tearDown -->
      </class> <!-- runner.FeatureFileRunner -->
    </test> <!-- Test -->
  </suite> <!-- Suite -->
</testng-results>
