<?xml version="1.0" encoding="UTF-8"?>
<testng-results ignored="0" total="2" passed="2" failed="0" skipped="0">
  <reporter-output>
  </reporter-output>
  <suite started-at="2021-01-29T17:01:02Z" name="Default suite" finished-at="2021-01-29T17:02:19Z" duration-ms="77091">
    <groups>
      <group name="cucumber">
        <method signature="FeatureFileRunner.scenario(io.cucumber.testng.PickleEventWrapper, io.cucumber.testng.CucumberFeatureWrapper)[pri:0, instance:runner.FeatureFileRunner@2e1d27ba]" name="scenario" class="runner.FeatureFileRunner"/>
      </group> <!-- cucumber -->
    </groups>
    <test started-at="2021-01-29T17:01:02Z" name="Default test" finished-at="2021-01-29T17:02:19Z" duration-ms="77091">
      <class name="runner.FeatureFileRunner">
        <test-method is-config="true" signature="setup()[pri:0, instance:runner.FeatureFileRunner@2e1d27ba]" started-at="2021-01-29T16:59:41Z" name="setup" finished-at="2021-01-29T17:01:02Z" duration-ms="80392" status="PASS">
          <reporter-output>
          </reporter-output>
        </test-method> <!-- setup -->
        <test-method is-config="true" signature="setUpClass()[pri:0, instance:runner.FeatureFileRunner@2e1d27ba]" started-at="2021-01-29T17:01:02Z" name="setUpClass" finished-at="2021-01-29T17:01:02Z" duration-ms="211" status="PASS">
          <reporter-output>
          </reporter-output>
        </test-method> <!-- setUpClass -->
        <test-method signature="scenario(io.cucumber.testng.PickleEventWrapper, io.cucumber.testng.CucumberFeatureWrapper)[pri:0, instance:runner.FeatureFileRunner@2e1d27ba]" started-at="2021-01-29T17:01:02Z" name="scenario" description="Runs Cucumber Scenarios" data-provider="scenarios" finished-at="2021-01-29T17:01:03Z" duration-ms="472" status="PASS">
          <params>
            <param index="0">
              <value>
                <![CDATA["Verification of WelcomeScreen"]]>
              </value>
            </param>
            <param index="1">
              <value>
                <![CDATA["User Registration feature"]]>
              </value>
            </param>
          </params>
          <reporter-output>
          </reporter-output>
        </test-method> <!-- scenario -->
        <test-method signature="scenario(io.cucumber.testng.PickleEventWrapper, io.cucumber.testng.CucumberFeatureWrapper)[pri:0, instance:runner.FeatureFileRunner@2e1d27ba]" started-at="2021-01-29T17:01:03Z" name="scenario" description="Runs Cucumber Scenarios" data-provider="scenarios" finished-at="2021-01-29T17:02:19Z" duration-ms="76178" status="PASS">
          <params>
            <param index="0">
              <value>
                <![CDATA["Validate that a validation message with text ‘This field is required’ appears under the date of birth box"]]>
              </value>
            </param>
            <param index="1">
              <value>
                <![CDATA["User Registration feature"]]>
              </value>
            </param>
          </params>
          <reporter-output>
          </reporter-output>
        </test-method> <!-- scenario -->
        <test-method is-config="true" signature="tearDownClass()[pri:0, instance:runner.FeatureFileRunner@2e1d27ba]" started-at="2021-01-29T17:02:19Z" name="tearDownClass" finished-at="2021-01-29T17:02:19Z" duration-ms="87" status="PASS">
          <reporter-output>
          </reporter-output>
        </test-method> <!-- tearDownClass -->
        <test-method is-config="true" signature="generateReport()[pri:0, instance:runner.FeatureFileRunner@2e1d27ba]" started-at="2021-01-29T17:02:19Z" name="generateReport" finished-at="2021-01-29T17:02:20Z" duration-ms="1403" status="PASS">
          <reporter-output>
          </reporter-output>
        </test-method> <!-- generateReport -->
        <test-method is-config="true" signature="tearDown()[pri:0, instance:runner.FeatureFileRunner@2e1d27ba]" started-at="2021-01-29T17:02:20Z" name="tearDown" finished-at="2021-01-29T17:02:21Z" duration-ms="267" status="PASS">
          <reporter-output>
          </reporter-output>
        </test-method> <!-- tearDown -->
      </class> <!-- runner.FeatureFileRunner -->
    </test> <!-- Default test -->
  </suite> <!-- Default suite -->
</testng-results>
